#
# A fatal error has been detected by the Java Runtime Environment:
#
#  EXCEPTION_ACCESS_VIOLATION (0xc0000005) at pc=0x00007ff922cfbd71, pid=2628, tid=7732
#
# JRE version: OpenJDK Runtime Environment Corretto-21.0.5.11.1 (21.0.5+11) (build 21.0.5+11-LTS)
# Java VM: OpenJDK 64-Bit Server VM Corretto-21.0.5.11.1 (21.0.5+11-LTS, mixed mode, sharing, tiered, compressed oops, compressed class ptrs, g1 gc, windows-amd64)
# Problematic frame:
# C  [awt.dll+0xdbd71]
#
# No core dump will be written. Minidumps are not enabled by default on client versions of Windows
#
# If you would like to submit a bug report, please visit:
#   https://github.com/corretto/corretto-21/issues/
# The crash happened outside the Java Virtual Machine in native code.
# See problematic frame for where to report the bug.
#

---------------  S U M M A R Y ------------

Command Line: Login.Login

Host: Intel(R) Xeon(R) Platinum 8272CL CPU @ 2.60GHz, 4 cores, 15G,  Windows 11 , 64 bit Build 26100 (10.0.26100.3037)
Time: Mon May 26 19:44:53 2025 South Africa Standard Time elapsed time: 4325.560534 seconds (0d 1h 12m 5s)

---------------  T H R E A D  ---------------

Current thread (0x00000298cb000360):  JavaThread "AWT-Windows" daemon [_thread_in_native, id=7732, stack(0x000000edaf400000,0x000000edaf500000) (1024K)]

Stack: [0x000000edaf400000,0x000000edaf500000],  sp=0x000000edaf4fecd0,  free space=1019k
Native frames: (J=compiled Java code, j=interpreted, Vv=VM code, C=native code)
C  [awt.dll+0xdbd71]

Java frames: (J=compiled Java code, j=interpreted, Vv=VM code)
j  sun.awt.windows.WToolkit.eventLoop()V+0 java.desktop@21.0.5
j  sun.awt.windows.WToolkit.run()V+50 java.desktop@21.0.5
j  java.lang.Thread.runWith(Ljava/lang/Object;Ljava/lang/Runnable;)V+5 java.base@21.0.5
j  java.lang.Thread.run()V+19 java.base@21.0.5
v  ~StubRoutines::call_stub 0x00000298bc0410e7

siginfo: EXCEPTION_ACCESS_VIOLATION (0xc0000005), reading address 0x0000000000000008


Registers:
RAX=0x0000000000000000, RBX=0x0000029911bd0c60, RCX=0x0000000000000000, RDX=0x0000000000000000
RSP=0x000000edaf4fecd0, RBP=0x000000edaf4fedd9, RSI=0x0000000007010d50, RDI=0x0000000000000000
R8 =0x0000000000000001, R9 =0x000000edada51000, R10=0x0000000000000000, R11=0x0000000000000246
R12=0x0000000000000000, R13=0x0000000000000310, R14=0x0000000000000000, R15=0x0000000000000000
RIP=0x00007ff922cfbd71, EFLAGS=0x0000000000010246


Register to memory mapping:

RAX=0x0 is null
RBX=0x0000029911bd0c60 points into unknown readable memory: 0x0000029912bc0ae0 | e0 0a bc 12 99 02 00 00
RCX=0x0 is null
RDX=0x0 is null
RSP=0x000000edaf4fecd0 is pointing into the stack for thread: 0x00000298cb000360
RBP=0x000000edaf4fedd9 is pointing into the stack for thread: 0x00000298cb000360
RSI=0x0000000007010d50 is an unknown value
RDI=0x0 is null
R8 =0x0000000000000001 is an unknown value
R9 =0x000000edada51000 points into unknown readable memory: 0x0000000000000000 | 00 00 00 00 00 00 00 00
R10=0x0 is null
R11=0x0000000000000246 is an unknown value
R12=0x0 is null
R13=0x0000000000000310 is an unknown value
R14=0x0 is null
R15=0x0 is null

Top of Stack: (sp=0x000000edaf4fecd0)
0x000000edaf4fecd0:   00007ff922d5a838 0000000007010d50
0x000000edaf4fece0:   00000e1372b42a01 00000000001903d0
0x000000edaf4fecf0:   0000000000000000 00007ff922cb788c
0x000000edaf4fed00:   0000000007010d50 0000029911abc220
0x000000edaf4fed10:   0000029911bd0c60 0000029911abc220
0x000000edaf4fed20:   0000029911abc220 00007ff922cb7936
0x000000edaf4fed30:   00007ff922c20000 0000000000000000
0x000000edaf4fed40:   000000edaf4fee38 00007ff938424b38
0x000000edaf4fed50:   0000029911abc220 00007ff922cb4c96
0x000000edaf4fed60:   0000029911abc220 0000000000000000
0x000000edaf4fed70:   00007ff922cb7e10 00007ff95fbc349e
0x000000edaf4fed80:   0000000000000001 00007ff95ea2a959
0x000000edaf4fed90:   000000edaf4fee30 0000000000000001
0x000000edaf4feda0:   0000000000000000 000000edaf4fee38
0x000000edaf4fedb0:   0000000000000000 0000000000000000
0x000000edaf4fedc0:   0000000000000000 00000298cb000718
0x000000edaf4fedd0:   0000029911abc2c0 0000000000000000
0x000000edaf4fede0:   0000000000000000 00000e1372b42cb1
0x000000edaf4fedf0:   0000000000000000 0000000000000000
0x000000edaf4fee00:   0000000000000000 0000000000000000
0x000000edaf4fee10:   0000000000000000 0000000000000000
0x000000edaf4fee20:   0000000000000000 0000029911abc220
0x000000edaf4fee30:   0000000000000310 00007ff922d00ebb
0x000000edaf4fee40:   0000000000000000 000073ccd7421b54
0x000000edaf4fee50:   00002bae26f37e07 0000000000000022
0x000000edaf4fee60:   0000000000000001 0000000000000000
0x000000edaf4fee70:   0000000000000000 00007ff95ea054d2
0x000000edaf4fee80:   0000000000000000 000000000000c15b
0x000000edaf4fee90:   0000000000000022 00007ff95fb728ef
0x000000edaf4feea0:   00000000001903d0 00007ff95ea0608a
0x000000edaf4feeb0:   ffffffffffffffeb 00000e1372b42f91
0x000000edaf4feec0:   00000298aa73b140 0000000000000000 

Instructions: (pc=0x00007ff922cfbd71)
0x00007ff922cfbc71:   83 ec 28 66 0f 6e c2 0f 5b c0 f3 0f 59 41 48 0f
0x00007ff922cfbc81:   5a c8 f2 0f 10 05 05 50 03 00 f2 0f 5c 0d 65 4f
0x00007ff922cfbc91:   01 00 66 0f 2f c1 76 0a b8 00 00 00 80 48 83 c4
0x00007ff922cfbca1:   28 c3 66 0f 2f 0d e5 98 02 00 76 0a b8 ff ff ff
0x00007ff922cfbcb1:   7f 48 83 c4 28 c3 0f 28 c1 e8 a5 0e 01 00 f2 0f
0x00007ff922cfbcc1:   2c c0 48 83 c4 28 c3 cc cc cc cc cc cc cc cc 48
0x00007ff922cfbcd1:   83 ec 28 66 0f 6e c2 0f 5b c0 f3 0f 59 41 4c 0f
0x00007ff922cfbce1:   5a c8 f2 0f 10 05 a5 4f 03 00 f2 0f 5c 0d 05 4f
0x00007ff922cfbcf1:   01 00 66 0f 2f c1 76 0a b8 00 00 00 80 48 83 c4
0x00007ff922cfbd01:   28 c3 66 0f 2f 0d 85 98 02 00 76 0a b8 ff ff ff
0x00007ff922cfbd11:   7f 48 83 c4 28 c3 0f 28 c1 e8 45 0e 01 00 f2 0f
0x00007ff922cfbd21:   2c c0 48 83 c4 28 c3 cc cc cc cc cc cc cc cc 48
0x00007ff922cfbd31:   8b 49 08 48 85 c9 0f 85 b3 7e fe ff 33 c0 c3 48
0x00007ff922cfbd41:   89 5c 24 08 48 89 74 24 10 57 48 83 ec 20 8b fa
0x00007ff922cfbd51:   48 8b f1 e8 e7 be f4 ff 48 8b d8 48 89 44 24 40
0x00007ff922cfbd61:   41 b8 01 00 00 00 8b d7 48 8b c8 e8 4f be f4 ff
0x00007ff922cfbd71:   48 8b 48 08 48 85 c9 74 0d 48 8b d6 e8 6e 7e fe
0x00007ff922cfbd81:   ff 48 8b f8 eb 02 33 ff 48 8b cb e8 6f c0 f4 ff
0x00007ff922cfbd91:   90 48 8b c7 48 8b 5c 24 30 48 8b 74 24 38 48 83
0x00007ff922cfbda1:   c4 20 5f c3 cc cc cc cc cc cc cc cc cc cc cc 48
0x00007ff922cfbdb1:   8b 01 89 10 c3 cc cc cc cc cc cc cc cc cc cc 40
0x00007ff922cfbdc1:   57 48 83 ec 40 48 83 79 38 00 48 8b f9 0f 84 96
0x00007ff922cfbdd1:   01 00 00 48 8b 0d 7d b0 06 00 ba 02 00 01 00 48
0x00007ff922cfbde1:   89 5c 24 58 48 89 74 24 68 e8 a1 f5 00 00 4c 8b
0x00007ff922cfbdf1:   05 a2 b5 06 00 48 8b c8 48 8b 57 38 48 8b d8 4c
0x00007ff922cfbe01:   8b 08 41 ff 91 f8 02 00 00 48 8b f0 48 85 c0 0f
0x00007ff922cfbe11:   84 4a 01 00 00 4c 8b 0b 48 8b d0 4c 8b 05 65 b5
0x00007ff922cfbe21:   06 00 48 8b cb 41 ff 91 00 01 00 00 84 c0 0f 84
0x00007ff922cfbe31:   2b 01 00 00 48 8b 7f 08 48 8b d6 48 8b 03 48 8b
0x00007ff922cfbe41:   cb 4c 8b 05 57 b5 06 00 48 81 c7 00 04 00 00 48
0x00007ff922cfbe51:   89 6c 24 60 4c 89 64 24 38 ff 90 f8 02 00 00 4c
0x00007ff922cfbe61:   8b 0b 48 8b d6 4c 8b 05 3b b5 06 00 48 8b cb 4c 


Stack slot to memory mapping:

stack at sp + 0 slots: 0x00007ff922d5a838 awt.dll
stack at sp + 1 slots: 0x0000000007010d50 is an unknown value
stack at sp + 2 slots: 0x00000e1372b42a01 is an unknown value
stack at sp + 3 slots: 0x00000000001903d0 is an unknown value
stack at sp + 4 slots: 0x0 is null
stack at sp + 5 slots: 0x00007ff922cb788c awt.dll
stack at sp + 6 slots: 0x0000000007010d50 is an unknown value
stack at sp + 7 slots: 0x0000029911abc220 points into unknown readable memory: 0x00007ff922d2c8d0 | d0 c8 d2 22 f9 7f 00 00


---------------  P R O C E S S  ---------------

Threads class SMR info:
_java_thread_list=0x0000029911c84c70, length=16, elements={
0x00000298caff6470, 0x00000298caff7de0, 0x00000298cafff140, 0x00000298cafffcd0,
0x00000298cb002ac0, 0x00000298cb001080, 0x00000298cb00b040, 0x00000298cb012340,
0x00000298cb001710, 0x00000298cb001da0, 0x00000298cb002430, 0x00000298cb003150,
0x00000298cb000360, 0x00000298cb0009f0, 0x00000298cb476660, 0x00000298cb475fd0
}

Java Threads: ( => current thread )
  0x00000298caff6470 JavaThread "Reference Handler"          daemon [_thread_blocked, id=9820, stack(0x000000edae800000,0x000000edae900000) (1024K)]
  0x00000298caff7de0 JavaThread "Finalizer"                  daemon [_thread_blocked, id=9464, stack(0x000000edae900000,0x000000edaea00000) (1024K)]
  0x00000298cafff140 JavaThread "Signal Dispatcher"          daemon [_thread_blocked, id=9420, stack(0x000000edaea00000,0x000000edaeb00000) (1024K)]
  0x00000298cafffcd0 JavaThread "Attach Listener"            daemon [_thread_blocked, id=7204, stack(0x000000edaeb00000,0x000000edaec00000) (1024K)]
  0x00000298cb002ac0 JavaThread "Service Thread"             daemon [_thread_blocked, id=6836, stack(0x000000edaec00000,0x000000edaed00000) (1024K)]
  0x00000298cb001080 JavaThread "Monitor Deflation Thread"   daemon [_thread_blocked, id=12048, stack(0x000000edaed00000,0x000000edaee00000) (1024K)]
  0x00000298cb00b040 JavaThread "C2 CompilerThread0"         daemon [_thread_blocked, id=11312, stack(0x000000edaee00000,0x000000edaef00000) (1024K)]
  0x00000298cb012340 JavaThread "C1 CompilerThread0"         daemon [_thread_blocked, id=9920, stack(0x000000edaef00000,0x000000edaf000000) (1024K)]
  0x00000298cb001710 JavaThread "Notification Thread"        daemon [_thread_blocked, id=1804, stack(0x000000edaf000000,0x000000edaf100000) (1024K)]
  0x00000298cb001da0 JavaThread "Common-Cleaner"             daemon [_thread_blocked, id=11964, stack(0x000000edaf100000,0x000000edaf200000) (1024K)]
  0x00000298cb002430 JavaThread "Java2D Disposer"            daemon [_thread_blocked, id=11696, stack(0x000000edaf200000,0x000000edaf300000) (1024K)]
  0x00000298cb003150 JavaThread "AWT-Shutdown"                      [_thread_blocked, id=2724, stack(0x000000edaf300000,0x000000edaf400000) (1024K)]
=>0x00000298cb000360 JavaThread "AWT-Windows"                daemon [_thread_in_native, id=7732, stack(0x000000edaf400000,0x000000edaf500000) (1024K)]
  0x00000298cb0009f0 JavaThread "AWT-EventQueue-0"                  [_thread_in_native, id=9576, stack(0x000000edaf500000,0x000000edaf600000) (1024K)]
  0x00000298cb476660 JavaThread "DestroyJavaVM"                     [_thread_blocked, id=948, stack(0x000000edae000000,0x000000edae100000) (1024K)]
  0x00000298cb475fd0 JavaThread "TimerQueue"                 daemon [_thread_blocked, id=8260, stack(0x000000edaf900000,0x000000edafa00000) (1024K)]
Total: 16

Other Threads:
  0x00000298cafd5d40 VMThread "VM Thread"                           [id=736, stack(0x000000edae700000,0x000000edae800000) (1024K)]
  0x00000298cafc2740 WatcherThread "VM Periodic Task Thread"        [id=11392, stack(0x000000edae600000,0x000000edae700000) (1024K)]
  0x00000298ac491190 WorkerThread "GC Thread#0"                     [id=1652, stack(0x000000edae100000,0x000000edae200000) (1024K)]
  0x00000299128f0c00 WorkerThread "GC Thread#1"                     [id=7240, stack(0x000000edafa00000,0x000000edafb00000) (1024K)]
  0x00000298cb3f60c0 WorkerThread "GC Thread#2"                     [id=7092, stack(0x000000edafb00000,0x000000edafc00000) (1024K)]
  0x00000298cb3f6460 WorkerThread "GC Thread#3"                     [id=11584, stack(0x000000edafc00000,0x000000edafd00000) (1024K)]
  0x00000298ac4a2980 ConcurrentGCThread "G1 Main Marker"            [id=8824, stack(0x000000edae200000,0x000000edae300000) (1024K)]
  0x00000298ac4a4300 WorkerThread "G1 Conc#0"                       [id=4732, stack(0x000000edae300000,0x000000edae400000) (1024K)]
  0x00000298cae82560 ConcurrentGCThread "G1 Refine#0"               [id=8164, stack(0x000000edae400000,0x000000edae500000) (1024K)]
  0x00000298cae82fe0 ConcurrentGCThread "G1 Service"                [id=8816, stack(0x000000edae500000,0x000000edae600000) (1024K)]
Total: 10

Threads with active compile tasks:
Total: 0

VM state: not at safepoint (normal execution)

VM Mutex/Monitor currently owned by a thread: None

Heap address: 0x0000000700000000, size: 4096 MB, Compressed Oops mode: Zero based, Oop shift amount: 3

CDS archive(s) mapped at: [0x00000298cc000000-0x00000298ccc80000-0x00000298ccc80000), size 13107200, SharedBaseAddress: 0x00000298cc000000, ArchiveRelocationMode: 1.
Compressed class space mapped at: 0x00000298cd000000-0x000002990d000000, reserved size: 1073741824
Narrow klass base: 0x00000298cc000000, Narrow klass shift: 0, Narrow klass range: 0x100000000

GC Precious Log:
 CardTable entry size: 512
 Card Set container configuration: InlinePtr #cards 4 size 8 Array Of Cards #cards 16 size 48 Howl #buckets 8 coarsen threshold 3686 Howl Bitmap #cards 512 size 80 coarsen threshold 460 Card regions per heap region 1 cards per card region 4096
 CPUs: 4 total, 4 available
 Memory: 16382M
 Large Page Support: Disabled
 NUMA Support: Disabled
 Compressed Oops: Enabled (Zero based)
 Heap Region Size: 2M
 Heap Min Capacity: 8M
 Heap Initial Capacity: 256M
 Heap Max Capacity: 4G
 Pre-touch: Disabled
 Parallel Workers: 4
 Concurrent Workers: 1
 Concurrent Refinement Workers: 4
 Periodic GC: Disabled

Heap:
 garbage-first heap   total 262144K, used 5702K [0x0000000700000000, 0x0000000800000000)
  region size 2048K, 4 young (8192K), 1 survivors (2048K)
 Metaspace       used 10638K, committed 10944K, reserved 1114112K
  class space    used 1152K, committed 1280K, reserved 1048576K

Heap Regions: E=young(eden), S=young(survivor), O=old, HS=humongous(starts), HC=humongous(continues), CS=collection set, F=free, TAMS=top-at-mark-start, PB=parsable bottom
|   0|0x0000000700000000, 0x0000000700191b50, 0x0000000700200000| 78%| O|  |TAMS 0x0000000700000000| PB 0x0000000700000000| Untracked 
|   1|0x0000000700200000, 0x0000000700200000, 0x0000000700400000|  0%| F|  |TAMS 0x0000000700200000| PB 0x0000000700200000| Untracked 
|   2|0x0000000700400000, 0x0000000700400000, 0x0000000700600000|  0%| F|  |TAMS 0x0000000700400000| PB 0x0000000700400000| Untracked 
|   3|0x0000000700600000, 0x0000000700600000, 0x0000000700800000|  0%| F|  |TAMS 0x0000000700600000| PB 0x0000000700600000| Untracked 
|   4|0x0000000700800000, 0x0000000700800000, 0x0000000700a00000|  0%| F|  |TAMS 0x0000000700800000| PB 0x0000000700800000| Untracked 
|   5|0x0000000700a00000, 0x0000000700a00000, 0x0000000700c00000|  0%| F|  |TAMS 0x0000000700a00000| PB 0x0000000700a00000| Untracked 
|   6|0x0000000700c00000, 0x0000000700c00000, 0x0000000700e00000|  0%| F|  |TAMS 0x0000000700c00000| PB 0x0000000700c00000| Untracked 
|   7|0x0000000700e00000, 0x0000000700e00000, 0x0000000701000000|  0%| F|  |TAMS 0x0000000700e00000| PB 0x0000000700e00000| Untracked 
|   8|0x0000000701000000, 0x0000000701000000, 0x0000000701200000|  0%| F|  |TAMS 0x0000000701000000| PB 0x0000000701000000| Untracked 
|   9|0x0000000701200000, 0x0000000701200000, 0x0000000701400000|  0%| F|  |TAMS 0x0000000701200000| PB 0x0000000701200000| Untracked 
|  10|0x0000000701400000, 0x0000000701400000, 0x0000000701600000|  0%| F|  |TAMS 0x0000000701400000| PB 0x0000000701400000| Untracked 
|  11|0x0000000701600000, 0x0000000701600000, 0x0000000701800000|  0%| F|  |TAMS 0x0000000701600000| PB 0x0000000701600000| Untracked 
|  12|0x0000000701800000, 0x0000000701800000, 0x0000000701a00000|  0%| F|  |TAMS 0x0000000701800000| PB 0x0000000701800000| Untracked 
|  13|0x0000000701a00000, 0x0000000701a00000, 0x0000000701c00000|  0%| F|  |TAMS 0x0000000701a00000| PB 0x0000000701a00000| Untracked 
|  14|0x0000000701c00000, 0x0000000701c00000, 0x0000000701e00000|  0%| F|  |TAMS 0x0000000701c00000| PB 0x0000000701c00000| Untracked 
|  15|0x0000000701e00000, 0x0000000701e00000, 0x0000000702000000|  0%| F|  |TAMS 0x0000000701e00000| PB 0x0000000701e00000| Untracked 
|  16|0x0000000702000000, 0x0000000702000000, 0x0000000702200000|  0%| F|  |TAMS 0x0000000702000000| PB 0x0000000702000000| Untracked 
|  17|0x0000000702200000, 0x0000000702200000, 0x0000000702400000|  0%| F|  |TAMS 0x0000000702200000| PB 0x0000000702200000| Untracked 
|  18|0x0000000702400000, 0x0000000702400000, 0x0000000702600000|  0%| F|  |TAMS 0x0000000702400000| PB 0x0000000702400000| Untracked 
|  19|0x0000000702600000, 0x0000000702600000, 0x0000000702800000|  0%| F|  |TAMS 0x0000000702600000| PB 0x0000000702600000| Untracked 
|  20|0x0000000702800000, 0x0000000702800000, 0x0000000702a00000|  0%| F|  |TAMS 0x0000000702800000| PB 0x0000000702800000| Untracked 
|  21|0x0000000702a00000, 0x0000000702a00000, 0x0000000702c00000|  0%| F|  |TAMS 0x0000000702a00000| PB 0x0000000702a00000| Untracked 
|  22|0x0000000702c00000, 0x0000000702c00000, 0x0000000702e00000|  0%| F|  |TAMS 0x0000000702c00000| PB 0x0000000702c00000| Untracked 
|  23|0x0000000702e00000, 0x0000000702e00000, 0x0000000703000000|  0%| F|  |TAMS 0x0000000702e00000| PB 0x0000000702e00000| Untracked 
|  24|0x0000000703000000, 0x0000000703000000, 0x0000000703200000|  0%| F|  |TAMS 0x0000000703000000| PB 0x0000000703000000| Untracked 
|  25|0x0000000703200000, 0x0000000703200000, 0x0000000703400000|  0%| F|  |TAMS 0x0000000703200000| PB 0x0000000703200000| Untracked 
|  26|0x0000000703400000, 0x0000000703400000, 0x0000000703600000|  0%| F|  |TAMS 0x0000000703400000| PB 0x0000000703400000| Untracked 
|  27|0x0000000703600000, 0x0000000703600000, 0x0000000703800000|  0%| F|  |TAMS 0x0000000703600000| PB 0x0000000703600000| Untracked 
|  28|0x0000000703800000, 0x0000000703800000, 0x0000000703a00000|  0%| F|  |TAMS 0x0000000703800000| PB 0x0000000703800000| Untracked 
|  29|0x0000000703a00000, 0x0000000703a00000, 0x0000000703c00000|  0%| F|  |TAMS 0x0000000703a00000| PB 0x0000000703a00000| Untracked 
|  30|0x0000000703c00000, 0x0000000703c00000, 0x0000000703e00000|  0%| F|  |TAMS 0x0000000703c00000| PB 0x0000000703c00000| Untracked 
|  31|0x0000000703e00000, 0x0000000703e00000, 0x0000000704000000|  0%| F|  |TAMS 0x0000000703e00000| PB 0x0000000703e00000| Untracked 
|  32|0x0000000704000000, 0x0000000704000000, 0x0000000704200000|  0%| F|  |TAMS 0x0000000704000000| PB 0x0000000704000000| Untracked 
|  33|0x0000000704200000, 0x0000000704200000, 0x0000000704400000|  0%| F|  |TAMS 0x0000000704200000| PB 0x0000000704200000| Untracked 
|  34|0x0000000704400000, 0x0000000704400000, 0x0000000704600000|  0%| F|  |TAMS 0x0000000704400000| PB 0x0000000704400000| Untracked 
|  35|0x0000000704600000, 0x0000000704600000, 0x0000000704800000|  0%| F|  |TAMS 0x0000000704600000| PB 0x0000000704600000| Untracked 
|  36|0x0000000704800000, 0x0000000704800000, 0x0000000704a00000|  0%| F|  |TAMS 0x0000000704800000| PB 0x0000000704800000| Untracked 
|  37|0x0000000704a00000, 0x0000000704a00000, 0x0000000704c00000|  0%| F|  |TAMS 0x0000000704a00000| PB 0x0000000704a00000| Untracked 
|  38|0x0000000704c00000, 0x0000000704c00000, 0x0000000704e00000|  0%| F|  |TAMS 0x0000000704c00000| PB 0x0000000704c00000| Untracked 
|  39|0x0000000704e00000, 0x0000000704e00000, 0x0000000705000000|  0%| F|  |TAMS 0x0000000704e00000| PB 0x0000000704e00000| Untracked 
|  40|0x0000000705000000, 0x0000000705000000, 0x0000000705200000|  0%| F|  |TAMS 0x0000000705000000| PB 0x0000000705000000| Untracked 
|  41|0x0000000705200000, 0x0000000705200000, 0x0000000705400000|  0%| F|  |TAMS 0x0000000705200000| PB 0x0000000705200000| Untracked 
|  42|0x0000000705400000, 0x0000000705400000, 0x0000000705600000|  0%| F|  |TAMS 0x0000000705400000| PB 0x0000000705400000| Untracked 
|  43|0x0000000705600000, 0x0000000705600000, 0x0000000705800000|  0%| F|  |TAMS 0x0000000705600000| PB 0x0000000705600000| Untracked 
|  44|0x0000000705800000, 0x0000000705800000, 0x0000000705a00000|  0%| F|  |TAMS 0x0000000705800000| PB 0x0000000705800000| Untracked 
|  45|0x0000000705a00000, 0x0000000705a00000, 0x0000000705c00000|  0%| F|  |TAMS 0x0000000705a00000| PB 0x0000000705a00000| Untracked 
|  46|0x0000000705c00000, 0x0000000705c00000, 0x0000000705e00000|  0%| F|  |TAMS 0x0000000705c00000| PB 0x0000000705c00000| Untracked 
|  47|0x0000000705e00000, 0x0000000705e00000, 0x0000000706000000|  0%| F|  |TAMS 0x0000000705e00000| PB 0x0000000705e00000| Untracked 
|  48|0x0000000706000000, 0x0000000706000000, 0x0000000706200000|  0%| F|  |TAMS 0x0000000706000000| PB 0x0000000706000000| Untracked 
|  49|0x0000000706200000, 0x0000000706200000, 0x0000000706400000|  0%| F|  |TAMS 0x0000000706200000| PB 0x0000000706200000| Untracked 
|  50|0x0000000706400000, 0x0000000706400000, 0x0000000706600000|  0%| F|  |TAMS 0x0000000706400000| PB 0x0000000706400000| Untracked 
|  51|0x0000000706600000, 0x0000000706600000, 0x0000000706800000|  0%| F|  |TAMS 0x0000000706600000| PB 0x0000000706600000| Untracked 
|  52|0x0000000706800000, 0x0000000706800000, 0x0000000706a00000|  0%| F|  |TAMS 0x0000000706800000| PB 0x0000000706800000| Untracked 
|  53|0x0000000706a00000, 0x0000000706a00000, 0x0000000706c00000|  0%| F|  |TAMS 0x0000000706a00000| PB 0x0000000706a00000| Untracked 
|  54|0x0000000706c00000, 0x0000000706c00000, 0x0000000706e00000|  0%| F|  |TAMS 0x0000000706c00000| PB 0x0000000706c00000| Untracked 
|  55|0x0000000706e00000, 0x0000000706e00000, 0x0000000707000000|  0%| F|  |TAMS 0x0000000706e00000| PB 0x0000000706e00000| Untracked 
|  56|0x0000000707000000, 0x0000000707000000, 0x0000000707200000|  0%| F|  |TAMS 0x0000000707000000| PB 0x0000000707000000| Untracked 
|  57|0x0000000707200000, 0x0000000707200000, 0x0000000707400000|  0%| F|  |TAMS 0x0000000707200000| PB 0x0000000707200000| Untracked 
|  58|0x0000000707400000, 0x0000000707400000, 0x0000000707600000|  0%| F|  |TAMS 0x0000000707400000| PB 0x0000000707400000| Untracked 
|  59|0x0000000707600000, 0x0000000707600000, 0x0000000707800000|  0%| F|  |TAMS 0x0000000707600000| PB 0x0000000707600000| Untracked 
|  60|0x0000000707800000, 0x0000000707800000, 0x0000000707a00000|  0%| F|  |TAMS 0x0000000707800000| PB 0x0000000707800000| Untracked 
|  61|0x0000000707a00000, 0x0000000707a00000, 0x0000000707c00000|  0%| F|  |TAMS 0x0000000707a00000| PB 0x0000000707a00000| Untracked 
|  62|0x0000000707c00000, 0x0000000707c00000, 0x0000000707e00000|  0%| F|  |TAMS 0x0000000707c00000| PB 0x0000000707c00000| Untracked 
|  63|0x0000000707e00000, 0x0000000707e00000, 0x0000000708000000|  0%| F|  |TAMS 0x0000000707e00000| PB 0x0000000707e00000| Untracked 
|  64|0x0000000708000000, 0x0000000708000000, 0x0000000708200000|  0%| F|  |TAMS 0x0000000708000000| PB 0x0000000708000000| Untracked 
|  65|0x0000000708200000, 0x0000000708200000, 0x0000000708400000|  0%| F|  |TAMS 0x0000000708200000| PB 0x0000000708200000| Untracked 
|  66|0x0000000708400000, 0x0000000708400000, 0x0000000708600000|  0%| F|  |TAMS 0x0000000708400000| PB 0x0000000708400000| Untracked 
|  67|0x0000000708600000, 0x0000000708600000, 0x0000000708800000|  0%| F|  |TAMS 0x0000000708600000| PB 0x0000000708600000| Untracked 
|  68|0x0000000708800000, 0x0000000708800000, 0x0000000708a00000|  0%| F|  |TAMS 0x0000000708800000| PB 0x0000000708800000| Untracked 
|  69|0x0000000708a00000, 0x0000000708a00000, 0x0000000708c00000|  0%| F|  |TAMS 0x0000000708a00000| PB 0x0000000708a00000| Untracked 
|  70|0x0000000708c00000, 0x0000000708c00000, 0x0000000708e00000|  0%| F|  |TAMS 0x0000000708c00000| PB 0x0000000708c00000| Untracked 
|  71|0x0000000708e00000, 0x0000000708e00000, 0x0000000709000000|  0%| F|  |TAMS 0x0000000708e00000| PB 0x0000000708e00000| Untracked 
|  72|0x0000000709000000, 0x0000000709000000, 0x0000000709200000|  0%| F|  |TAMS 0x0000000709000000| PB 0x0000000709000000| Untracked 
|  73|0x0000000709200000, 0x0000000709200000, 0x0000000709400000|  0%| F|  |TAMS 0x0000000709200000| PB 0x0000000709200000| Untracked 
|  74|0x0000000709400000, 0x0000000709400000, 0x0000000709600000|  0%| F|  |TAMS 0x0000000709400000| PB 0x0000000709400000| Untracked 
|  75|0x0000000709600000, 0x0000000709600000, 0x0000000709800000|  0%| F|  |TAMS 0x0000000709600000| PB 0x0000000709600000| Untracked 
|  76|0x0000000709800000, 0x0000000709800000, 0x0000000709a00000|  0%| F|  |TAMS 0x0000000709800000| PB 0x0000000709800000| Untracked 
|  77|0x0000000709a00000, 0x0000000709a00000, 0x0000000709c00000|  0%| F|  |TAMS 0x0000000709a00000| PB 0x0000000709a00000| Untracked 
|  78|0x0000000709c00000, 0x0000000709c00000, 0x0000000709e00000|  0%| F|  |TAMS 0x0000000709c00000| PB 0x0000000709c00000| Untracked 
|  79|0x0000000709e00000, 0x0000000709e00000, 0x000000070a000000|  0%| F|  |TAMS 0x0000000709e00000| PB 0x0000000709e00000| Untracked 
|  80|0x000000070a000000, 0x000000070a000000, 0x000000070a200000|  0%| F|  |TAMS 0x000000070a000000| PB 0x000000070a000000| Untracked 
|  81|0x000000070a200000, 0x000000070a200000, 0x000000070a400000|  0%| F|  |TAMS 0x000000070a200000| PB 0x000000070a200000| Untracked 
|  82|0x000000070a400000, 0x000000070a400000, 0x000000070a600000|  0%| F|  |TAMS 0x000000070a400000| PB 0x000000070a400000| Untracked 
|  83|0x000000070a600000, 0x000000070a600000, 0x000000070a800000|  0%| F|  |TAMS 0x000000070a600000| PB 0x000000070a600000| Untracked 
|  84|0x000000070a800000, 0x000000070a800000, 0x000000070aa00000|  0%| F|  |TAMS 0x000000070a800000| PB 0x000000070a800000| Untracked 
|  85|0x000000070aa00000, 0x000000070aa00000, 0x000000070ac00000|  0%| F|  |TAMS 0x000000070aa00000| PB 0x000000070aa00000| Untracked 
|  86|0x000000070ac00000, 0x000000070ac00000, 0x000000070ae00000|  0%| F|  |TAMS 0x000000070ac00000| PB 0x000000070ac00000| Untracked 
|  87|0x000000070ae00000, 0x000000070ae00000, 0x000000070b000000|  0%| F|  |TAMS 0x000000070ae00000| PB 0x000000070ae00000| Untracked 
|  88|0x000000070b000000, 0x000000070b000000, 0x000000070b200000|  0%| F|  |TAMS 0x000000070b000000| PB 0x000000070b000000| Untracked 
|  89|0x000000070b200000, 0x000000070b200000, 0x000000070b400000|  0%| F|  |TAMS 0x000000070b200000| PB 0x000000070b200000| Untracked 
|  90|0x000000070b400000, 0x000000070b400000, 0x000000070b600000|  0%| F|  |TAMS 0x000000070b400000| PB 0x000000070b400000| Untracked 
|  91|0x000000070b600000, 0x000000070b600000, 0x000000070b800000|  0%| F|  |TAMS 0x000000070b600000| PB 0x000000070b600000| Untracked 
|  92|0x000000070b800000, 0x000000070b800000, 0x000000070ba00000|  0%| F|  |TAMS 0x000000070b800000| PB 0x000000070b800000| Untracked 
|  93|0x000000070ba00000, 0x000000070ba00000, 0x000000070bc00000|  0%| F|  |TAMS 0x000000070ba00000| PB 0x000000070ba00000| Untracked 
|  94|0x000000070bc00000, 0x000000070bc00000, 0x000000070be00000|  0%| F|  |TAMS 0x000000070bc00000| PB 0x000000070bc00000| Untracked 
|  95|0x000000070be00000, 0x000000070be00000, 0x000000070c000000|  0%| F|  |TAMS 0x000000070be00000| PB 0x000000070be00000| Untracked 
|  96|0x000000070c000000, 0x000000070c000000, 0x000000070c200000|  0%| F|  |TAMS 0x000000070c000000| PB 0x000000070c000000| Untracked 
|  97|0x000000070c200000, 0x000000070c200000, 0x000000070c400000|  0%| F|  |TAMS 0x000000070c200000| PB 0x000000070c200000| Untracked 
|  98|0x000000070c400000, 0x000000070c400000, 0x000000070c600000|  0%| F|  |TAMS 0x000000070c400000| PB 0x000000070c400000| Untracked 
|  99|0x000000070c600000, 0x000000070c600000, 0x000000070c800000|  0%| F|  |TAMS 0x000000070c600000| PB 0x000000070c600000| Untracked 
| 100|0x000000070c800000, 0x000000070c800000, 0x000000070ca00000|  0%| F|  |TAMS 0x000000070c800000| PB 0x000000070c800000| Untracked 
| 101|0x000000070ca00000, 0x000000070ca00000, 0x000000070cc00000|  0%| F|  |TAMS 0x000000070ca00000| PB 0x000000070ca00000| Untracked 
| 102|0x000000070cc00000, 0x000000070cc00000, 0x000000070ce00000|  0%| F|  |TAMS 0x000000070cc00000| PB 0x000000070cc00000| Untracked 
| 103|0x000000070ce00000, 0x000000070ce00000, 0x000000070d000000|  0%| F|  |TAMS 0x000000070ce00000| PB 0x000000070ce00000| Untracked 
| 104|0x000000070d000000, 0x000000070d000000, 0x000000070d200000|  0%| F|  |TAMS 0x000000070d000000| PB 0x000000070d000000| Untracked 
| 105|0x000000070d200000, 0x000000070d200000, 0x000000070d400000|  0%| F|  |TAMS 0x000000070d200000| PB 0x000000070d200000| Untracked 
| 106|0x000000070d400000, 0x000000070d400000, 0x000000070d600000|  0%| F|  |TAMS 0x000000070d400000| PB 0x000000070d400000| Untracked 
| 107|0x000000070d600000, 0x000000070d600000, 0x000000070d800000|  0%| F|  |TAMS 0x000000070d600000| PB 0x000000070d600000| Untracked 
| 108|0x000000070d800000, 0x000000070d800000, 0x000000070da00000|  0%| F|  |TAMS 0x000000070d800000| PB 0x000000070d800000| Untracked 
| 109|0x000000070da00000, 0x000000070da00000, 0x000000070dc00000|  0%| F|  |TAMS 0x000000070da00000| PB 0x000000070da00000| Untracked 
| 110|0x000000070dc00000, 0x000000070dc00000, 0x000000070de00000|  0%| F|  |TAMS 0x000000070dc00000| PB 0x000000070dc00000| Untracked 
| 111|0x000000070de00000, 0x000000070de00000, 0x000000070e000000|  0%| F|  |TAMS 0x000000070de00000| PB 0x000000070de00000| Untracked 
| 112|0x000000070e000000, 0x000000070e000000, 0x000000070e200000|  0%| F|  |TAMS 0x000000070e000000| PB 0x000000070e000000| Untracked 
| 113|0x000000070e200000, 0x000000070e200000, 0x000000070e400000|  0%| F|  |TAMS 0x000000070e200000| PB 0x000000070e200000| Untracked 
| 114|0x000000070e400000, 0x000000070e400000, 0x000000070e600000|  0%| F|  |TAMS 0x000000070e400000| PB 0x000000070e400000| Untracked 
| 115|0x000000070e600000, 0x000000070e600000, 0x000000070e800000|  0%| F|  |TAMS 0x000000070e600000| PB 0x000000070e600000| Untracked 
| 116|0x000000070e800000, 0x000000070e800000, 0x000000070ea00000|  0%| F|  |TAMS 0x000000070e800000| PB 0x000000070e800000| Untracked 
| 117|0x000000070ea00000, 0x000000070ea00000, 0x000000070ec00000|  0%| F|  |TAMS 0x000000070ea00000| PB 0x000000070ea00000| Untracked 
| 118|0x000000070ec00000, 0x000000070ec00000, 0x000000070ee00000|  0%| F|  |TAMS 0x000000070ec00000| PB 0x000000070ec00000| Untracked 
| 119|0x000000070ee00000, 0x000000070ee00000, 0x000000070f000000|  0%| F|  |TAMS 0x000000070ee00000| PB 0x000000070ee00000| Untracked 
| 120|0x000000070f000000, 0x000000070f000000, 0x000000070f200000|  0%| F|  |TAMS 0x000000070f000000| PB 0x000000070f000000| Untracked 
| 121|0x000000070f200000, 0x000000070f400000, 0x000000070f400000|100%| S|CS|TAMS 0x000000070f200000| PB 0x000000070f200000| Complete 
| 122|0x000000070f400000, 0x000000070f400000, 0x000000070f600000|  0%| F|  |TAMS 0x000000070f400000| PB 0x000000070f400000| Untracked 
| 123|0x000000070f600000, 0x000000070f600000, 0x000000070f800000|  0%| F|  |TAMS 0x000000070f600000| PB 0x000000070f600000| Untracked 
| 124|0x000000070f800000, 0x000000070f800000, 0x000000070fa00000|  0%| F|  |TAMS 0x000000070f800000| PB 0x000000070f800000| Untracked 
| 125|0x000000070fa00000, 0x000000070fb61340, 0x000000070fc00000| 68%| E|  |TAMS 0x000000070fa00000| PB 0x000000070fa00000| Complete 
| 126|0x000000070fc00000, 0x000000070fe00000, 0x000000070fe00000|100%| E|  |TAMS 0x000000070fc00000| PB 0x000000070fc00000| Complete 
| 127|0x000000070fe00000, 0x0000000710000000, 0x0000000710000000|100%| E|CS|TAMS 0x000000070fe00000| PB 0x000000070fe00000| Complete 

Card table byte_map: [0x00000298c4310000,0x00000298c4b10000] _byte_map_base: 0x00000298c0b10000

Marking Bits: (CMBitMap*) 0x00000298ac4920a0
 Bits: [0x00000298c4b10000, 0x00000298c8b10000)

Polling page: 0x00000298aa2d0000

Metaspace:

Usage:
  Non-class:      9.26 MB used.
      Class:      1.13 MB used.
       Both:     10.39 MB used.

Virtual space:
  Non-class space:       64.00 MB reserved,       9.44 MB ( 15%) committed,  1 nodes.
      Class space:        1.00 GB reserved,       1.25 MB ( <1%) committed,  1 nodes.
             Both:        1.06 GB reserved,      10.69 MB ( <1%) committed. 

Chunk freelists:
   Non-Class:  6.00 MB
       Class:  14.73 MB
        Both:  20.73 MB

MaxMetaspaceSize: unlimited
CompressedClassSpaceSize: 1.00 GB
Initial GC threshold: 21.00 MB
Current GC threshold: 21.00 MB
CDS: on
 - commit_granule_bytes: 65536.
 - commit_granule_words: 8192.
 - virtual_space_node_default_size: 8388608.
 - enlarge_chunks_in_place: 1.
 - use_allocation_guard: 0.


Internal statistics:

num_allocs_failed_limit: 0.
num_arena_births: 156.
num_arena_deaths: 0.
num_vsnodes_births: 2.
num_vsnodes_deaths: 0.
num_space_committed: 171.
num_space_uncommitted: 0.
num_chunks_returned_to_freelist: 0.
num_chunks_taken_from_freelist: 194.
num_chunk_merges: 0.
num_chunk_splits: 119.
num_chunks_enlarged: 55.
num_inconsistent_stats: 0.

CodeHeap 'non-profiled nmethods': size=120000Kb used=715Kb max_used=715Kb free=119285Kb
 bounds [0x00000298bc5e0000, 0x00000298bc850000, 0x00000298c3b10000]
CodeHeap 'profiled nmethods': size=120000Kb used=2804Kb max_used=2804Kb free=117195Kb
 bounds [0x00000298b4b10000, 0x00000298b4dd0000, 0x00000298bc040000]
CodeHeap 'non-nmethods': size=5760Kb used=1780Kb max_used=1824Kb free=3979Kb
 bounds [0x00000298bc040000, 0x00000298bc2b0000, 0x00000298bc5e0000]
 total_blobs=2309 nmethods=1657 adapters=557
 compilation: enabled
              stopped_count=0, restarted_count=0
 full_count=0

Compilation events (20 events):
Event: 4325.422 Thread 0x00000298cb012340 nmethod 1643 0x00000298bc691b90 code [0x00000298bc691d20, 0x00000298bc691df0]
Event: 4325.442 Thread 0x00000298cb012340 1647       3       javax.swing.GroupLayout$Spring::unset (22 bytes)
Event: 4325.443 Thread 0x00000298cb012340 nmethod 1647 0x00000298b4dca510 code [0x00000298b4dca6a0, 0x00000298b4dca7c8]
Event: 4325.443 Thread 0x00000298cb012340 1648       3       java.awt.ComponentOrientation::isLeftToRight (15 bytes)
Event: 4325.443 Thread 0x00000298cb012340 nmethod 1648 0x00000298b4dca890 code [0x00000298b4dcaa20, 0x00000298b4dcab88]
Event: 4325.443 Thread 0x00000298cb012340 1649       1       javax.swing.AbstractButton::getModel (5 bytes)
Event: 4325.443 Thread 0x00000298cb012340 nmethod 1649 0x00000298bc692310 code [0x00000298bc6924a0, 0x00000298bc692570]
Event: 4325.443 Thread 0x00000298cb012340 1650       3       javax.swing.JComponent::getInsets (23 bytes)
Event: 4325.444 Thread 0x00000298cb012340 nmethod 1650 0x00000298b4dcac10 code [0x00000298b4dcade0, 0x00000298b4dcb130]
Event: 4325.444 Thread 0x00000298cb012340 1653       1       javax.swing.GroupLayout$Spring::getAlignment (5 bytes)
Event: 4325.444 Thread 0x00000298cb012340 nmethod 1653 0x00000298bc692610 code [0x00000298bc6927a0, 0x00000298bc692870]
Event: 4325.444 Thread 0x00000298cb012340 1651       3       javax.swing.border.AbstractBorder::getBorderInsets (17 bytes)
Event: 4325.444 Thread 0x00000298cb012340 nmethod 1651 0x00000298b4dcb290 code [0x00000298b4dcb460, 0x00000298b4dcb758]
Event: 4325.444 Thread 0x00000298cb012340 1654       3       javax.swing.GroupLayout$Spring::getMaximumSize (27 bytes)
Event: 4325.444 Thread 0x00000298cb012340 nmethod 1654 0x00000298b4dcb890 code [0x00000298b4dcba60, 0x00000298b4dcbdf8]
Event: 4325.444 Thread 0x00000298cb012340 1655       3       javax.swing.GroupLayout$Spring::setSize (16 bytes)
Event: 4325.445 Thread 0x00000298cb012340 nmethod 1655 0x00000298b4dcbf10 code [0x00000298b4dcc0c0, 0x00000298b4dcc2c0]
Event: 4325.445 Thread 0x00000298cb012340 1652       1       javax.swing.JLabel::getUIClassID (3 bytes)
Event: 4325.445 Thread 0x00000298cb012340 nmethod 1652 0x00000298bc692910 code [0x00000298bc692aa0, 0x00000298bc692b70]
Event: 4325.445 Thread 0x00000298cb012340 1656       3       java.util.HashMap$HashIterator::<init> (79 bytes)

GC Heap History (2 events):
Event: 10.235 GC heap before
{Heap before GC invocations=0 (full 0):
 garbage-first heap   total 262144K, used 10240K [0x0000000700000000, 0x0000000800000000)
  region size 2048K, 6 young (12288K), 0 survivors (0K)
 Metaspace       used 10355K, committed 10560K, reserved 1114112K
  class space    used 1149K, committed 1280K, reserved 1048576K
}
Event: 10.240 GC heap after
{Heap after GC invocations=1 (full 0):
 garbage-first heap   total 262144K, used 3654K [0x0000000700000000, 0x0000000800000000)
  region size 2048K, 1 young (2048K), 1 survivors (2048K)
 Metaspace       used 10355K, committed 10560K, reserved 1114112K
  class space    used 1149K, committed 1280K, reserved 1048576K
}

Dll operation events (8 events):
Event: 0.011 Loaded shared library C:\Program Files\Amazon Corretto\jdk21.0.5_11\bin\java.dll
Event: 0.063 Loaded shared library C:\Program Files\Amazon Corretto\jdk21.0.5_11\bin\jsvml.dll
Event: 0.111 Loaded shared library C:\Program Files\Amazon Corretto\jdk21.0.5_11\bin\jimage.dll
Event: 0.140 Loaded shared library C:\Program Files\Amazon Corretto\jdk21.0.5_11\bin\awt.dll
Event: 0.305 Loaded shared library C:\Program Files\Amazon Corretto\jdk21.0.5_11\bin\freetype.dll
Event: 0.306 Loaded shared library C:\Program Files\Amazon Corretto\jdk21.0.5_11\bin\fontmanager.dll
Event: 0.551 Loaded shared library C:\Program Files\Amazon Corretto\jdk21.0.5_11\bin\net.dll
Event: 0.553 Loaded shared library C:\Program Files\Amazon Corretto\jdk21.0.5_11\bin\nio.dll

Deoptimization events (20 events):
Event: 11.320 Thread 0x00000298cb0009f0 DEOPT PACKING pc=0x00000298bc664d98 sp=0x000000edaf5fd600
Event: 11.321 Thread 0x00000298cb0009f0 DEOPT UNPACKING pc=0x00000298bc097da2 sp=0x000000edaf5fd3e0 mode 2
Event: 11.639 Thread 0x00000298cb0009f0 DEOPT PACKING pc=0x00000298b4c65f43 sp=0x000000edaf5fd5a0
Event: 11.639 Thread 0x00000298cb0009f0 DEOPT UNPACKING pc=0x00000298bc0988e2 sp=0x000000edaf5fca50 mode 0
Event: 15.026 Thread 0x00000298cb0009f0 DEOPT PACKING pc=0x00000298b4d1e876 sp=0x000000edaf5fd260
Event: 15.026 Thread 0x00000298cb0009f0 DEOPT UNPACKING pc=0x00000298bc0988e2 sp=0x000000edaf5fc5e8 mode 0
Event: 16.203 Thread 0x00000298cb0009f0 Uncommon trap: trap_request=0xffffff45 fr.pc=0x00000298bc680740 relative=0x00000000000033e0
Event: 16.203 Thread 0x00000298cb0009f0 Uncommon trap: reason=unstable_if action=reinterpret pc=0x00000298bc680740 method=sun.java2d.marlin.Renderer._endRendering(II)V @ 2585 c2
Event: 16.203 Thread 0x00000298cb0009f0 DEOPT PACKING pc=0x00000298bc680740 sp=0x000000edaf5fd590
Event: 16.203 Thread 0x00000298cb0009f0 DEOPT UNPACKING pc=0x00000298bc097da2 sp=0x000000edaf5fd350 mode 2
Event: 16.204 Thread 0x00000298cb0009f0 Uncommon trap: trap_request=0xffffff45 fr.pc=0x00000298bc65c290 relative=0x0000000000005e70
Event: 16.204 Thread 0x00000298cb0009f0 Uncommon trap: reason=unstable_if action=reinterpret pc=0x00000298bc65c290 method=sun.java2d.marlin.Renderer._endRendering(II)V @ 2585 c2
Event: 16.204 Thread 0x00000298cb0009f0 DEOPT PACKING pc=0x00000298bc65c290 sp=0x000000edaf5fd4e0
Event: 16.204 Thread 0x00000298cb0009f0 DEOPT UNPACKING pc=0x00000298bc097da2 sp=0x000000edaf5fd350 mode 2
Event: 16.543 Thread 0x00000298cb0009f0 Uncommon trap: trap_request=0xffffff6e fr.pc=0x00000298bc68cdc4 relative=0x0000000000000584
Event: 16.544 Thread 0x00000298cb0009f0 Uncommon trap: reason=loop_limit_check action=maybe_recompile pc=0x00000298bc68cdc4 method=java.awt.geom.AffineTransform.transform([DI[DII)V @ 454 c2
Event: 16.544 Thread 0x00000298cb0009f0 DEOPT PACKING pc=0x00000298bc68cdc4 sp=0x000000edaf5fd670
Event: 16.544 Thread 0x00000298cb0009f0 DEOPT UNPACKING pc=0x00000298bc097da2 sp=0x000000edaf5fd5c0 mode 2
Event: 16.544 Thread 0x00000298cb0009f0 DEOPT PACKING pc=0x00000298b4d9b9c7 sp=0x000000edaf5fd4c0
Event: 16.544 Thread 0x00000298cb0009f0 DEOPT UNPACKING pc=0x00000298bc0988e2 sp=0x000000edaf5fc8a0 mode 0

Classes loaded (20 events):
Event: 8.626 Loading class javax/swing/JLayer
Event: 8.626 Loading class javax/swing/JLayer done
Event: 8.626 Loading class javax/swing/text/AbstractDocument$UndoRedoDocumentEvent
Event: 8.626 Loading class javax/swing/text/AbstractDocument$UndoRedoDocumentEvent done
Event: 8.627 Loading class javax/swing/text/DefaultCaret$1
Event: 8.627 Loading class javax/swing/text/DefaultCaret$1 done
Event: 8.627 Loading class javax/swing/event/UndoableEditEvent
Event: 8.627 Loading class javax/swing/event/UndoableEditEvent done
Event: 8.627 Loading class javax/swing/text/AbstractDocument$DefaultDocumentEventUndoableWrapper
Event: 8.627 Loading class sun/swing/text/UndoableEditLockSupport
Event: 8.627 Loading class sun/swing/text/UndoableEditLockSupport done
Event: 8.627 Loading class javax/swing/text/AbstractDocument$DefaultDocumentEventUndoableWrapper done
Event: 8.627 Loading class javax/swing/event/UndoableEditListener
Event: 8.627 Loading class javax/swing/event/UndoableEditListener done
Event: 8.627 Loading class javax/swing/RepaintManager$3
Event: 8.627 Loading class javax/swing/RepaintManager$3 done
Event: 18.878 Loading class java/awt/LightweightDispatcher$2
Event: 18.878 Loading class java/awt/LightweightDispatcher$2 done
Event: 4325.396 Loading class java/lang/invoke/MethodHandle$1
Event: 4325.396 Loading class java/lang/invoke/MethodHandle$1 done

Classes unloaded (0 events):
No events

Classes redefined (0 events):
No events

Internal exceptions (20 events):
Event: 0.351 Thread 0x00000298aa0944b0 Exception <a 'java/lang/ClassNotFoundException'{0x000000070fa8fe20}: Tree> (0x000000070fa8fe20) 
thrown [s\src\hotspot\share\classfile\systemDictionary.cpp, line 312]
Event: 0.351 Thread 0x00000298aa0944b0 Exception <a 'java/lang/ClassNotFoundException'{0x000000070fa90318}: Tree> (0x000000070fa90318) 
thrown [s\src\hotspot\share\classfile\systemDictionary.cpp, line 312]
Event: 0.351 Thread 0x00000298aa0944b0 Exception <a 'java/lang/ClassNotFoundException'{0x000000070fa90688}: javax/swing/JTreeCell> (0x000000070fa90688) 
thrown [s\src\hotspot\share\classfile\systemDictionary.cpp, line 312]
Event: 0.351 Thread 0x00000298aa0944b0 Exception <a 'java/lang/ClassNotFoundException'{0x000000070fa90990}: TreeCell> (0x000000070fa90990) 
thrown [s\src\hotspot\share\classfile\systemDictionary.cpp, line 312]
Event: 0.351 Thread 0x00000298aa0944b0 Exception <a 'java/lang/ClassNotFoundException'{0x000000070fa91148}: RootPane> (0x000000070fa91148) 
thrown [s\src\hotspot\share\classfile\systemDictionary.cpp, line 312]
Event: 0.353 Thread 0x00000298aa0944b0 Exception <a 'java/lang/ClassNotFoundException'{0x000000070fa93f98}: com/sun/swing/internal/plaf/metal/resources/spi/metalProvider> (0x000000070fa93f98) 
thrown [s\src\hotspot\share\classfile\systemDictionary.cpp, line 312]
Event: 0.354 Thread 0x00000298aa0944b0 Exception <a 'java/lang/ClassNotFoundException'{0x000000070fa97cb8}: com/sun/swing/internal/plaf/basic/resources/spi/basicProvider> (0x000000070fa97cb8) 
thrown [s\src\hotspot\share\classfile\systemDictionary.cpp, line 312]
Event: 0.401 Thread 0x00000298cb0009f0 Exception <a 'java/lang/ClassNotFoundException'{0x000000070fb0c5f0}: com/sun/swing/internal/plaf/synth/resources/spi/synthProvider> (0x000000070fb0c5f0) 
thrown [s\src\hotspot\share\classfile\systemDictionary.cpp, line 312]
Event: 0.423 Thread 0x00000298cb0009f0 Exception <a 'java/lang/NoSuchMethodError'{0x000000070fb8df98}: 'int java.lang.invoke.Invokers$Holder.invokeExact_MT(java.lang.Object, java.lang.Object)'> (0x000000070fb8df98) 
thrown [s\src\hotspot\share\interpreter\linkResolver.cpp, line 773]
Event: 0.449 Thread 0x00000298cb0009f0 Exception <a 'java/lang/NoSuchMethodError'{0x000000070fb9c4a8}: 'java.lang.Object java.lang.invoke.DirectMethodHandle$Holder.newInvokeSpecial(java.lang.Object, java.lang.Object, int)'> (0x000000070fb9c4a8) 
thrown [s\src\hotspot\share\interpreter\linkResolver.cpp, line 773]
Event: 0.450 Thread 0x00000298cb0009f0 Exception <a 'java/lang/NoSuchMethodError'{0x000000070fba1598}: 'int java.lang.invoke.DirectMethodHandle$Holder.invokeSpecial(java.lang.Object, java.lang.Object, java.lang.Object, int)'> (0x000000070fba1598) 
thrown [s\src\hotspot\share\interpreter\linkResolver.cpp, line 773]
Event: 0.452 Thread 0x00000298cb0009f0 Exception <a 'java/lang/NoSuchMethodError'{0x000000070fbb41f8}: 'java.lang.Object java.lang.invoke.DirectMethodHandle$Holder.invokeStatic(java.lang.Object, java.lang.Object, java.lang.Object, java.lang.Object, int)'> (0x000000070fbb41f8) 
thrown [s\src\hotspot\share\interpreter\linkResolver.cpp, line 773]
Event: 0.453 Thread 0x00000298cb0009f0 Exception <a 'java/lang/NoSuchMethodError'{0x000000070fbbc980}: 'int java.lang.invoke.DirectMethodHandle$Holder.invokeSpecial(java.lang.Object, java.lang.Object, java.lang.Object)'> (0x000000070fbbc980) 
thrown [s\src\hotspot\share\interpreter\linkResolver.cpp, line 773]
Event: 0.497 Thread 0x00000298cb000360 Exception <a 'java/lang/NoSuchMethodError'{0x000000070fd04998}: 'void java.lang.invoke.DirectMethodHandle$Holder.invokeVirtual(java.lang.Object, java.lang.Object)'> (0x000000070fd04998) 
thrown [s\src\hotspot\share\interpreter\linkResolver.cpp, line 773]
Event: 0.516 Thread 0x00000298cb0009f0 Exception <a 'java/lang/NoSuchMethodError'{0x000000070f8242d8}: 'void java.lang.invoke.DirectMethodHandle$Holder.invokeStaticInit(java.lang.Object)'> (0x000000070f8242d8) 
thrown [s\src\hotspot\share\interpreter\linkResolver.cpp, line 773]
Event: 8.026 Thread 0x00000298cb0009f0 Implicit null exception at 0x00000298bc63328e to 0x00000298bc63382d
Event: 8.026 Thread 0x00000298cb0009f0 Implicit null exception at 0x00000298bc62fae7 to 0x00000298bc6301f0
Event: 8.026 Thread 0x00000298cb0009f0 Implicit null exception at 0x00000298bc63328e to 0x00000298bc63382d
Event: 8.026 Thread 0x00000298cb0009f0 Implicit null exception at 0x00000298bc62fae7 to 0x00000298bc6301f0
Event: 8.026 Thread 0x00000298cb0009f0 Implicit null exception at 0x00000298bc63328e to 0x00000298bc63382d

ZGC Phase Switch (0 events):
No events

VM Operations (20 events):
Event: 14.272 Executing VM operation: Cleanup
Event: 14.272 Executing VM operation: Cleanup done
Event: 15.280 Executing VM operation: Cleanup
Event: 15.280 Executing VM operation: Cleanup done
Event: 16.286 Executing VM operation: Cleanup
Event: 16.287 Executing VM operation: Cleanup done
Event: 17.300 Executing VM operation: Cleanup
Event: 17.300 Executing VM operation: Cleanup done
Event: 18.310 Executing VM operation: Cleanup
Event: 18.311 Executing VM operation: Cleanup done
Event: 19.321 Executing VM operation: Cleanup
Event: 19.321 Executing VM operation: Cleanup done
Event: 60.182 Executing VM operation: HandshakeAllThreads (HandshakeForDeflation)
Event: 60.182 Executing VM operation: HandshakeAllThreads (HandshakeForDeflation) done
Event: 60.182 Executing VM operation: RendezvousGCThreads
Event: 60.182 Executing VM operation: RendezvousGCThreads done
Event: 4213.743 Executing VM operation: Cleanup
Event: 4213.743 Executing VM operation: Cleanup done
Event: 4214.752 Executing VM operation: Cleanup
Event: 4214.752 Executing VM operation: Cleanup done

Memory protections (0 events):
No events

Nmethod flushes (0 events):
No events

Events (18 events):
Event: 0.038 Thread 0x00000298aa0944b0 Thread added: 0x00000298aa0944b0
Event: 0.059 Thread 0x00000298aa0944b0 Thread added: 0x00000298caff6470
Event: 0.059 Thread 0x00000298aa0944b0 Thread added: 0x00000298caff7de0
Event: 0.060 Thread 0x00000298aa0944b0 Thread added: 0x00000298cafff140
Event: 0.060 Thread 0x00000298aa0944b0 Thread added: 0x00000298cafffcd0
Event: 0.060 Thread 0x00000298aa0944b0 Thread added: 0x00000298cb002ac0
Event: 0.060 Thread 0x00000298aa0944b0 Thread added: 0x00000298cb001080
Event: 0.060 Thread 0x00000298aa0944b0 Thread added: 0x00000298cb00b040
Event: 0.060 Thread 0x00000298aa0944b0 Thread added: 0x00000298cb012340
Event: 0.084 Thread 0x00000298aa0944b0 Thread added: 0x00000298cb001710
Event: 0.087 Thread 0x00000298aa0944b0 Thread added: 0x00000298cb001da0
Event: 0.217 Thread 0x00000298aa0944b0 Thread added: 0x00000298cb002430
Event: 0.220 Thread 0x00000298aa0944b0 Thread added: 0x00000298cb003150
Event: 0.221 Thread 0x00000298aa0944b0 Thread added: 0x00000298cb000360
Event: 0.365 Thread 0x00000298aa0944b0 Thread added: 0x00000298cb0009f0
Event: 0.366 Thread 0x00000298aa0944b0 Thread exited: 0x00000298aa0944b0
Event: 0.366 Thread 0x00000298cb476660 Thread added: 0x00000298cb476660
Event: 0.727 Thread 0x00000298cb0009f0 Thread added: 0x00000298cb475fd0


Dynamic libraries:
0x00007ff77d220000 - 0x00007ff77d22e000 	C:\Program Files\Amazon Corretto\jdk21.0.5_11\bin\java.exe
0x00007ff95fb60000 - 0x00007ff95fdc3000 	C:\Windows\SYSTEM32\ntdll.dll
0x00007ff95e850000 - 0x00007ff95e917000 	C:\Windows\System32\KERNEL32.DLL
0x00007ff95cfb0000 - 0x00007ff95d377000 	C:\Windows\System32\KERNELBASE.dll
0x00007ff95d420000 - 0x00007ff95d56c000 	C:\Windows\System32\ucrtbase.dll
0x00007ff92f590000 - 0x00007ff92f5ab000 	C:\Program Files\Amazon Corretto\jdk21.0.5_11\bin\VCRUNTIME140.dll
0x00007ff91f5c0000 - 0x00007ff91f5d8000 	C:\Program Files\Amazon Corretto\jdk21.0.5_11\bin\jli.dll
0x00007ff95e9f0000 - 0x00007ff95ebb9000 	C:\Windows\System32\USER32.dll
0x00007ff938400000 - 0x00007ff938690000 	C:\Windows\WinSxS\amd64_microsoft.windows.common-controls_6595b64144ccf1df_6.0.26100.3037_none_3e09262ce333c378\COMCTL32.dll
0x00007ff95d7f0000 - 0x00007ff95d817000 	C:\Windows\System32\win32u.dll
0x00007ff95ebc0000 - 0x00007ff95ec69000 	C:\Windows\System32\msvcrt.dll
0x00007ff95f2f0000 - 0x00007ff95f31a000 	C:\Windows\System32\GDI32.dll
0x00007ff95d570000 - 0x00007ff95d69b000 	C:\Windows\System32\gdi32full.dll
0x00007ff95cf00000 - 0x00007ff95cfa3000 	C:\Windows\System32\msvcp_win.dll
0x00007ff95e5a0000 - 0x00007ff95e5cf000 	C:\Windows\System32\IMM32.DLL
0x00007ff946340000 - 0x00007ff94634c000 	C:\Program Files\Amazon Corretto\jdk21.0.5_11\bin\vcruntime140_1.dll
0x00007ff922b90000 - 0x00007ff922c1d000 	C:\Program Files\Amazon Corretto\jdk21.0.5_11\bin\msvcp140.dll
0x00007ff923240000 - 0x00007ff923fdd000 	C:\Program Files\Amazon Corretto\jdk21.0.5_11\bin\server\jvm.dll
0x00007ff95f230000 - 0x00007ff95f2e4000 	C:\Windows\System32\ADVAPI32.dll
0x00007ff95df20000 - 0x00007ff95dfc6000 	C:\Windows\System32\sechost.dll
0x00007ff95ec70000 - 0x00007ff95ed86000 	C:\Windows\System32\RPCRT4.dll
0x00007ff95e7d0000 - 0x00007ff95e844000 	C:\Windows\System32\WS2_32.dll
0x00007ff95cd90000 - 0x00007ff95cdde000 	C:\Windows\SYSTEM32\POWRPROF.dll
0x00007ff94f500000 - 0x00007ff94f536000 	C:\Windows\SYSTEM32\WINMM.dll
0x00007ff9513c0000 - 0x00007ff9513cb000 	C:\Windows\SYSTEM32\VERSION.dll
0x00007ff95cd70000 - 0x00007ff95cd84000 	C:\Windows\SYSTEM32\UMPDC.dll
0x00007ff95bcf0000 - 0x00007ff95bd0a000 	C:\Windows\SYSTEM32\kernel.appcore.dll
0x00007ff93e6d0000 - 0x00007ff93e6da000 	C:\Program Files\Amazon Corretto\jdk21.0.5_11\bin\jimage.dll
0x00007ff94f570000 - 0x00007ff94f7b1000 	C:\Windows\SYSTEM32\DBGHELP.DLL
0x00007ff95e210000 - 0x00007ff95e58e000 	C:\Windows\System32\combase.dll
0x00007ff95dfd0000 - 0x00007ff95e0a6000 	C:\Windows\System32\OLEAUT32.dll
0x00007ff94cb40000 - 0x00007ff94cb79000 	C:\Windows\SYSTEM32\dbgcore.DLL
0x00007ff95d380000 - 0x00007ff95d419000 	C:\Windows\System32\bcryptPrimitives.dll
0x00007ff92f570000 - 0x00007ff92f58f000 	C:\Program Files\Amazon Corretto\jdk21.0.5_11\bin\java.dll
0x00007ff95f400000 - 0x00007ff95fb04000 	C:\Windows\System32\SHELL32.dll
0x00007ff95abe0000 - 0x00007ff95b417000 	C:\Windows\SYSTEM32\windows.storage.dll
0x00007ff95e6e0000 - 0x00007ff95e7c9000 	C:\Windows\System32\SHCORE.dll
0x00007ff95f3a0000 - 0x00007ff95f3fd000 	C:\Windows\System32\shlwapi.dll
0x00007ff95ce10000 - 0x00007ff95ce3e000 	C:\Windows\SYSTEM32\profapi.dll
0x00007ff923160000 - 0x00007ff923237000 	C:\Program Files\Amazon Corretto\jdk21.0.5_11\bin\jsvml.dll
0x00007ff922c20000 - 0x00007ff922dae000 	C:\Program Files\Amazon Corretto\jdk21.0.5_11\bin\awt.dll
0x00007ff959f20000 - 0x00007ff959fbc000 	C:\Windows\SYSTEM32\apphelp.dll
0x00007ff95a200000 - 0x00007ff95a2ad000 	C:\Windows\system32\uxtheme.dll
0x00007ff95e0b0000 - 0x00007ff95e20c000 	C:\Windows\System32\MSCTF.dll
0x00007ff95dd80000 - 0x00007ff95df15000 	C:\Windows\System32\ole32.dll
0x00007ff95a560000 - 0x00007ff95a58e000 	C:\Windows\system32\DWMAPI.DLL
0x00007ff9228d0000 - 0x00007ff922957000 	C:\Program Files\Amazon Corretto\jdk21.0.5_11\bin\freetype.dll
0x00007ff9227f0000 - 0x00007ff9228ca000 	C:\Program Files\Amazon Corretto\jdk21.0.5_11\bin\fontmanager.dll
0x00007ff922990000 - 0x00007ff922a9c000 	C:\Windows\system32\opengl32.dll
0x00007ff922960000 - 0x00007ff92298d000 	C:\Windows\SYSTEM32\GLU32.dll
0x00007ff95a320000 - 0x00007ff95a367000 	C:\Windows\SYSTEM32\dxcore.dll
0x00007ff95d9a0000 - 0x00007ff95da48000 	C:\Windows\System32\clbcatq.dll
0x00007ff9586c0000 - 0x00007ff9588ee000 	C:\Windows\SYSTEM32\WindowsCodecs.dll
0x00007ff931f40000 - 0x00007ff931f9a000 	C:\Windows\system32\dataexchange.dll
0x00007ff955af0000 - 0x00007ff955d28000 	C:\Windows\system32\twinapi.appcore.dll
0x00007ff9256c0000 - 0x00007ff9256d0000 	C:\Program Files\Amazon Corretto\jdk21.0.5_11\bin\net.dll
0x00007ff954b40000 - 0x00007ff954c5e000 	C:\Windows\SYSTEM32\WINHTTP.dll
0x00007ff95c1e0000 - 0x00007ff95c248000 	C:\Windows\system32\mswsock.dll
0x00007ff9256a0000 - 0x00007ff9256b6000 	C:\Program Files\Amazon Corretto\jdk21.0.5_11\bin\nio.dll
0x00007ff9545c0000 - 0x00007ff954706000 	C:\Windows\SYSTEM32\textinputframework.dll
0x00007ff959960000 - 0x00007ff959a85000 	C:\Windows\SYSTEM32\CoreMessaging.dll
0x00007ff956e60000 - 0x00007ff957143000 	C:\Windows\SYSTEM32\CoreUIComponents.dll
0x00007ff956cf0000 - 0x00007ff956e58000 	C:\Windows\SYSTEM32\wintypes.dll
0x00007ff95c570000 - 0x00007ff95c57c000 	C:\Windows\SYSTEM32\CRYPTBASE.DLL

dbghelp: loaded successfully - version: 4.0.5 - missing functions: none
symbol engine: initialized successfully - sym options: 0x614 - pdb path: .;C:\Program Files\Amazon Corretto\jdk21.0.5_11\bin;C:\Windows\SYSTEM32;C:\Windows\WinSxS\amd64_microsoft.windows.common-controls_6595b64144ccf1df_6.0.26100.3037_none_3e09262ce333c378;C:\Program Files\Amazon Corretto\jdk21.0.5_11\bin\server

VM Arguments:
java_command: Login.Login
java_class_path (initial): C:\Users\lab_services_student\Documents\NetBeansProjects\LoginForm\target\classes
Launcher Type: SUN_STANDARD

[Global flags]
     intx CICompilerCount                          = 3                                         {product} {ergonomic}
     uint ConcGCThreads                            = 1                                         {product} {ergonomic}
     uint G1ConcRefinementThreads                  = 4                                         {product} {ergonomic}
   size_t G1HeapRegionSize                         = 2097152                                   {product} {ergonomic}
    uintx GCDrainStackTargetSize                   = 64                                        {product} {ergonomic}
   size_t InitialHeapSize                          = 268435456                                 {product} {ergonomic}
   size_t MarkStackSize                            = 4194304                                   {product} {ergonomic}
   size_t MaxHeapSize                              = 4294967296                                {product} {ergonomic}
   size_t MaxNewSize                               = 2575302656                                {product} {ergonomic}
   size_t MinHeapDeltaBytes                        = 2097152                                   {product} {ergonomic}
   size_t MinHeapSize                              = 8388608                                   {product} {ergonomic}
    uintx NonNMethodCodeHeapSize                   = 5832780                                {pd product} {ergonomic}
    uintx NonProfiledCodeHeapSize                  = 122912730                              {pd product} {ergonomic}
    uintx ProfiledCodeHeapSize                     = 122912730                              {pd product} {ergonomic}
    uintx ReservedCodeCacheSize                    = 251658240                              {pd product} {ergonomic}
     bool SegmentedCodeCache                       = true                                      {product} {ergonomic}
   size_t SoftMaxHeapSize                          = 4294967296                             {manageable} {ergonomic}
     bool UseCompressedOops                        = true                           {product lp64_product} {ergonomic}
     bool UseG1GC                                  = true                                      {product} {ergonomic}
     bool UseLargePagesIndividualAllocation        = false                                  {pd product} {ergonomic}

Logging:
Log output configuration:
 #0: stdout all=warning uptime,level,tags foldmultilines=false
 #1: stderr all=off uptime,level,tags foldmultilines=false

Environment Variables:
JAVA_HOME=C:\Program Files\Amazon Corretto\jdk21.0.5_11
PATH=C:\Program Files\Amazon Corretto\jdk21.0.5_11\bin;C:\Program Files (x86)\Common Files\Oracle\Java\java8path;C:\Program Files (x86)\Common Files\Oracle\Java\javapath;C:\Program Files (x86)\Microsoft SDKs\Azure\CLI2\wbin;C:\Windows\system32;C:\Windows;C:\Windows\System32\Wbem;C:\Windows\System32\WindowsPowerShell\v1.0\;C:\Windows\System32\OpenSSH\;C:\Program Files\GitHub CLI\;C:\Users\vmadmin\AppData\Local\Microsoft\WindowsApps;C:\Program Files\Azure Dev CLI;C:\Program Files\PowerShell\7\;C:\Program Files\Microsoft VS Code\bin;C:\ProgramData\chocolatey\bin;C:\Program Files\Git\cmd;C:\Users\lab_services_student\AppData\Local\Microsoft\WindowsApps;C:\Users\lab_services_student\AppData\Local\GitHubDesktop\bin;C:\tools\mysql\current\bin
USERNAME=lab_services_student
OS=Windows_NT
PROCESSOR_IDENTIFIER=Intel64 Family 6 Model 85 Stepping 7, GenuineIntel
TMP=C:\Users\LAB_SE~1\AppData\Local\Temp
TEMP=C:\Users\LAB_SE~1\AppData\Local\Temp




Periodic native trim disabled

---------------  S Y S T E M  ---------------

OS:
 Windows 11 , 64 bit Build 26100 (10.0.26100.3037)
OS uptime: 0 days 1:59 hours
Hyper-V role detected

CPU: total 4 (initial active 4) (2 cores per cpu, 2 threads per core) family 6 model 85 stepping 7 microcode 0xffffffff, cx8, cmov, fxsr, ht, mmx, 3dnowpref, sse, sse2, sse3, ssse3, sse4.1, sse4.2, popcnt, lzcnt, tsc, avx, avx2, aes, erms, clmul, bmi1, bmi2, rtm, adx, avx512f, avx512dq, avx512cd, avx512bw, avx512vl, fma, vzeroupper, avx512_vnni, clflush, clflushopt, clwb, hv, rdtscp, f16c
Processor Information for all 4 processors :
  Max Mhz: 2594, Current Mhz: 2594, Mhz Limit: 2594

Memory: 4k page, system-wide physical 16382M (8858M free)
TotalPageFile size 18814M (AvailPageFile size 8558M)
current process WorkingSet (physical memory assigned to process): 85M, peak: 94M
current process commit charge ("private bytes"): 352M, peak: 361M

vm_info: OpenJDK 64-Bit Server VM (21.0.5+11-LTS) for windows-amd64 JRE (21.0.5+11-LTS), built on 2024-10-11T20:58:34Z by "Administrator" with MS VC++ 16.10 / 16.11 (VS2019)

END.
